This file contains any messages produced by compilers while
running configure, to aid debugging if configure makes a mistake.

It was created by configure, which was
generated by GNU Autoconf 2.61.  Invocation command line was

  $ ./configure 

## --------- ##
## Platform. ##
## --------- ##

hostname = SaqMacBookPro.local
uname -m = i386
uname -r = 10.4.0
uname -s = Darwin
uname -v = Darwin Kernel Version 10.4.0: Fri Apr 23 18:28:53 PDT 2010; root:xnu-1504.7.4~1/RELEASE_I386

/usr/bin/uname -p = i386
/bin/uname -X     = unknown

/bin/arch              = unknown
/usr/bin/arch -k       = unknown
/usr/convex/getsysinfo = unknown
/usr/bin/hostinfo      = Mach kernel version:
	 Darwin Kernel Version 10.4.0: Fri Apr 23 18:28:53 PDT 2010; root:xnu-1504.7.4~1/RELEASE_I386
Kernel configured for up to 4 processors.
2 processors are physically available.
4 processors are logically available.
Processor type: i486 (Intel 80486)
Processors active: 0 1 2 3
Primary memory available: 8.00 gigabytes
Default processor set: 93 tasks, 463 threads, 4 processors
Load average: 0.40, Mach factor: 3.58
/bin/machine           = unknown
/usr/bin/oslevel       = unknown
/bin/universe          = unknown

PATH: /opt/local/bin
PATH: /opt/local/sbin
PATH: /Library/Frameworks/Python.framework/Versions/Current/bin
PATH: /usr/local/bin
PATH: /opt/local/bin
PATH: /Users/hiko/bin
PATH: /usr/bin
PATH: /bin
PATH: /usr/sbin
PATH: /sbin
PATH: /usr/local/bin
PATH: /usr/X11/bin
PATH: /Applications/Adobe Flex Builder 3/sdks/3.5.0.12683/bin


## ----------- ##
## Core tests. ##
## ----------- ##

configure:1794: checking build system type
configure:1812: result: x86_64-apple-darwin10.4.0
configure:1834: checking host system type
configure:1849: result: x86_64-apple-darwin10.4.0
configure:1871: checking target system type
configure:1886: result: x86_64-apple-darwin10.4.0
configure:2036: checking for gcc
configure:2052: found /usr/bin/gcc
configure:2063: result: gcc
configure:2301: checking for C compiler version
configure:2308: gcc --version >&5
i686-apple-darwin10-gcc-4.2.1 (GCC) 4.2.1 (Apple Inc. build 5664)
Copyright (C) 2007 Free Software Foundation, Inc.
This is free software; see the source for copying conditions.  There is NO
warranty; not even for MERCHANTABILITY or FITNESS FOR A PARTICULAR PURPOSE.

configure:2311: $? = 0
configure:2318: gcc -v >&5
Using built-in specs.
Target: i686-apple-darwin10
Configured with: /var/tmp/gcc/gcc-5664~38/src/configure --disable-checking --enable-werror --prefix=/usr --mandir=/share/man --enable-languages=c,objc,c++,obj-c++ --program-transform-name=/^[cg][^.-]*$/s/$/-4.2/ --with-slibdir=/usr/lib --build=i686-apple-darwin10 --program-prefix=i686-apple-darwin10- --host=x86_64-apple-darwin10 --target=i686-apple-darwin10 --with-gxx-include-dir=/include/c++/4.2.1
Thread model: posix
gcc version 4.2.1 (Apple Inc. build 5664)
configure:2321: $? = 0
configure:2328: gcc -V >&5
gcc-4.2: argument to `-V' is missing
configure:2331: $? = 1
configure:2354: checking for C compiler default output file name
configure:2381: gcc    conftest.c  >&5
configure:2384: $? = 0
configure:2422: result: a.out
configure:2439: checking whether the C compiler works
configure:2449: ./a.out
configure:2452: $? = 0
configure:2469: result: yes
configure:2476: checking whether we are cross compiling
configure:2478: result: no
configure:2481: checking for suffix of executables
configure:2488: gcc -o conftest    conftest.c  >&5
configure:2491: $? = 0
configure:2515: result: 
configure:2521: checking for suffix of object files
configure:2547: gcc -c   conftest.c >&5
configure:2550: $? = 0
configure:2573: result: o
configure:2577: checking whether we are using the GNU C compiler
configure:2606: gcc -c   conftest.c >&5
configure:2612: $? = 0
configure:2629: result: yes
configure:2634: checking whether gcc accepts -g
configure:2664: gcc -c -g  conftest.c >&5
configure:2670: $? = 0
configure:2769: result: yes
configure:2786: checking for gcc option to accept ISO C89
configure:2860: gcc  -c -g -O2  conftest.c >&5
configure:2866: $? = 0
configure:2889: result: none needed
configure:2916: checking gcc version
configure:2928: result: 4
configure:3335: checking for inline
configure:3381: gcc -c -O2  conftest.c >&5
configure:3387: $? = 0
configure:3412: result: inline
configure:3424: checking for __attribute__
configure:3460: gcc -c -g -O2  conftest.c >&5
configure:3466: $? = 0
configure:3492: result: yes
configure:3501: checking how to run the C preprocessor
configure:3541: gcc -E  conftest.c
configure:3547: $? = 0
configure:3578: gcc -E  conftest.c
conftest.c:10:28: error: ac_nonexistent.h: No such file or directory
configure:3584: $? = 1
configure: failed program was:
| /* confdefs.h.  */
| #define PACKAGE_NAME ""
| #define PACKAGE_TARNAME ""
| #define PACKAGE_VERSION ""
| #define PACKAGE_STRING ""
| #define PACKAGE_BUGREPORT ""
| #define inline inline
| #define HAVE___ATTRIBUTE__ 1
| /* end confdefs.h.  */
| #include <ac_nonexistent.h>
configure:3617: result: gcc -E
configure:3646: gcc -E  conftest.c
configure:3652: $? = 0
configure:3683: gcc -E  conftest.c
conftest.c:10:28: error: ac_nonexistent.h: No such file or directory
configure:3689: $? = 1
configure: failed program was:
| /* confdefs.h.  */
| #define PACKAGE_NAME ""
| #define PACKAGE_TARNAME ""
| #define PACKAGE_VERSION ""
| #define PACKAGE_STRING ""
| #define PACKAGE_BUGREPORT ""
| #define inline inline
| #define HAVE___ATTRIBUTE__ 1
| /* end confdefs.h.  */
| #include <ac_nonexistent.h>
configure:3727: checking for grep that handles long lines and -e
configure:3801: result: /usr/bin/grep
configure:3806: checking for egrep
configure:3884: result: /usr/bin/grep -E
configure:3889: checking for ANSI C header files
configure:3919: gcc -c -g -O2  conftest.c >&5
configure:3925: $? = 0
configure:4024: gcc -o conftest -g -O2   conftest.c  >&5
configure:4027: $? = 0
configure:4033: ./conftest
configure:4036: $? = 0
configure:4053: result: yes
configure:4077: checking for sys/types.h
configure:4098: gcc -c -g -O2  conftest.c >&5
configure:4104: $? = 0
configure:4120: result: yes
configure:4077: checking for sys/stat.h
configure:4098: gcc -c -g -O2  conftest.c >&5
configure:4104: $? = 0
configure:4120: result: yes
configure:4077: checking for stdlib.h
configure:4098: gcc -c -g -O2  conftest.c >&5
configure:4104: $? = 0
configure:4120: result: yes
configure:4077: checking for string.h
configure:4098: gcc -c -g -O2  conftest.c >&5
configure:4104: $? = 0
configure:4120: result: yes
configure:4077: checking for memory.h
configure:4098: gcc -c -g -O2  conftest.c >&5
configure:4104: $? = 0
configure:4120: result: yes
configure:4077: checking for strings.h
configure:4098: gcc -c -g -O2  conftest.c >&5
configure:4104: $? = 0
configure:4120: result: yes
configure:4077: checking for inttypes.h
configure:4098: gcc -c -g -O2  conftest.c >&5
configure:4104: $? = 0
configure:4120: result: yes
configure:4077: checking for stdint.h
configure:4098: gcc -c -g -O2  conftest.c >&5
configure:4104: $? = 0
configure:4120: result: yes
configure:4077: checking for unistd.h
configure:4098: gcc -c -g -O2  conftest.c >&5
configure:4104: $? = 0
configure:4120: result: yes
configure:4147: checking sys/bitypes.h usability
configure:4164: gcc -c -g -O2  conftest.c >&5
conftest.c:53:25: error: sys/bitypes.h: No such file or directory
configure:4170: $? = 1
configure: failed program was:
| /* confdefs.h.  */
| #define PACKAGE_NAME ""
| #define PACKAGE_TARNAME ""
| #define PACKAGE_VERSION ""
| #define PACKAGE_STRING ""
| #define PACKAGE_BUGREPORT ""
| #define inline inline
| #define HAVE___ATTRIBUTE__ 1
| #define STDC_HEADERS 1
| #define HAVE_SYS_TYPES_H 1
| #define HAVE_SYS_STAT_H 1
| #define HAVE_STDLIB_H 1
| #define HAVE_STRING_H 1
| #define HAVE_MEMORY_H 1
| #define HAVE_STRINGS_H 1
| #define HAVE_INTTYPES_H 1
| #define HAVE_STDINT_H 1
| #define HAVE_UNISTD_H 1
| /* end confdefs.h.  */
| #include <stdio.h>
| #ifdef HAVE_SYS_TYPES_H
| # include <sys/types.h>
| #endif
| #ifdef HAVE_SYS_STAT_H
| # include <sys/stat.h>
| #endif
| #ifdef STDC_HEADERS
| # include <stdlib.h>
| # include <stddef.h>
| #else
| # ifdef HAVE_STDLIB_H
| #  include <stdlib.h>
| # endif
| #endif
| #ifdef HAVE_STRING_H
| # if !defined STDC_HEADERS && defined HAVE_MEMORY_H
| #  include <memory.h>
| # endif
| # include <string.h>
| #endif
| #ifdef HAVE_STRINGS_H
| # include <strings.h>
| #endif
| #ifdef HAVE_INTTYPES_H
| # include <inttypes.h>
| #endif
| #ifdef HAVE_STDINT_H
| # include <stdint.h>
| #endif
| #ifdef HAVE_UNISTD_H
| # include <unistd.h>
| #endif
| #include <sys/bitypes.h>
configure:4184: result: no
configure:4188: checking sys/bitypes.h presence
configure:4203: gcc -E  conftest.c
conftest.c:20:25: error: sys/bitypes.h: No such file or directory
configure:4209: $? = 1
configure: failed program was:
| /* confdefs.h.  */
| #define PACKAGE_NAME ""
| #define PACKAGE_TARNAME ""
| #define PACKAGE_VERSION ""
| #define PACKAGE_STRING ""
| #define PACKAGE_BUGREPORT ""
| #define inline inline
| #define HAVE___ATTRIBUTE__ 1
| #define STDC_HEADERS 1
| #define HAVE_SYS_TYPES_H 1
| #define HAVE_SYS_STAT_H 1
| #define HAVE_STDLIB_H 1
| #define HAVE_STRING_H 1
| #define HAVE_MEMORY_H 1
| #define HAVE_STRINGS_H 1
| #define HAVE_INTTYPES_H 1
| #define HAVE_STDINT_H 1
| #define HAVE_UNISTD_H 1
| /* end confdefs.h.  */
| #include <sys/bitypes.h>
configure:4223: result: no
configure:4251: checking for sys/bitypes.h
configure:4259: result: no
configure:4273: checking for int8_t
configure:4307: gcc -c -g -O2  conftest.c >&5
configure:4313: $? = 0
configure:4328: result: yes
configure:4340: checking for u_int8_t
configure:4374: gcc -c -g -O2  conftest.c >&5
configure:4380: $? = 0
configure:4395: result: yes
configure:4407: checking for int16_t
configure:4437: gcc -c -g -O2  conftest.c >&5
configure:4443: $? = 0
configure:4458: result: yes
configure:4474: checking for u_int16_t
configure:4508: gcc -c -g -O2  conftest.c >&5
configure:4514: $? = 0
configure:4529: result: yes
configure:4541: checking for int32_t
configure:4575: gcc -c -g -O2  conftest.c >&5
configure:4581: $? = 0
configure:4596: result: yes
configure:4608: checking for u_int32_t
configure:4642: gcc -c -g -O2  conftest.c >&5
configure:4648: $? = 0
configure:4663: result: yes
configure:4675: checking for int64_t
configure:4709: gcc -c -g -O2  conftest.c >&5
configure:4715: $? = 0
configure:4730: result: yes
configure:4742: checking for u_int64_t
configure:4776: gcc -c -g -O2  conftest.c >&5
configure:4782: $? = 0
configure:4797: result: yes
configure:4820: checking for special C compiler options needed for large files
configure:4913: result: no
configure:4919: checking for _FILE_OFFSET_BITS value needed for large files
configure:4954: gcc -c -g -O2  conftest.c >&5
configure:4960: $? = 0
configure:5028: result: no
configure:5163: checking for _LARGEFILE_SOURCE value needed for large files
configure:5190: gcc -o conftest -g -O2   conftest.c  >&5
configure:5196: $? = 0
configure:5260: result: no
configure:5302: checking sys/ioccom.h usability
configure:5319: gcc -c -g -O2  conftest.c >&5
configure:5325: $? = 0
configure:5339: result: yes
configure:5343: checking sys/ioccom.h presence
configure:5358: gcc -E  conftest.c
configure:5364: $? = 0
configure:5378: result: yes
configure:5406: checking for sys/ioccom.h
configure:5414: result: yes
configure:5302: checking sys/sockio.h usability
configure:5319: gcc -c -g -O2  conftest.c >&5
configure:5325: $? = 0
configure:5339: result: yes
configure:5343: checking sys/sockio.h presence
configure:5358: gcc -E  conftest.c
configure:5364: $? = 0
configure:5378: result: yes
configure:5406: checking for sys/sockio.h
configure:5414: result: yes
configure:5302: checking limits.h usability
configure:5319: gcc -c -g -O2  conftest.c >&5
configure:5325: $? = 0
configure:5339: result: yes
configure:5343: checking limits.h presence
configure:5358: gcc -E  conftest.c
configure:5364: $? = 0
configure:5378: result: yes
configure:5406: checking for limits.h
configure:5414: result: yes
configure:5302: checking paths.h usability
configure:5319: gcc -c -g -O2  conftest.c >&5
configure:5325: $? = 0
configure:5339: result: yes
configure:5343: checking paths.h presence
configure:5358: gcc -E  conftest.c
configure:5364: $? = 0
configure:5378: result: yes
configure:5406: checking for paths.h
configure:5414: result: yes
configure:5431: checking for net/pfvar.h
configure:5454: gcc -c -g -O2  conftest.c >&5
conftest.c:29:23: error: net/pfvar.h: No such file or directory
configure:5460: $? = 1
configure: failed program was:
| /* confdefs.h.  */
| #define PACKAGE_NAME ""
| #define PACKAGE_TARNAME ""
| #define PACKAGE_VERSION ""
| #define PACKAGE_STRING ""
| #define PACKAGE_BUGREPORT ""
| #define inline inline
| #define HAVE___ATTRIBUTE__ 1
| #define STDC_HEADERS 1
| #define HAVE_SYS_TYPES_H 1
| #define HAVE_SYS_STAT_H 1
| #define HAVE_STDLIB_H 1
| #define HAVE_STRING_H 1
| #define HAVE_MEMORY_H 1
| #define HAVE_STRINGS_H 1
| #define HAVE_INTTYPES_H 1
| #define HAVE_STDINT_H 1
| #define HAVE_UNISTD_H 1
| #define HAVE_FSEEKO 1
| #define HAVE_SYS_IOCCOM_H 1
| #define HAVE_SYS_SOCKIO_H 1
| #define HAVE_LIMITS_H 1
| #define HAVE_PATHS_H 1
| /* end confdefs.h.  */
| #include <sys/types.h>
| #include <sys/socket.h>
| #include <net/if.h>
| 
| #include <net/pfvar.h>
configure:5476: result: no
configure:5551: checking for netinet/if_ether.h
configure:5573: gcc -c -g -O2  conftest.c >&5
configure:5579: $? = 0
configure:5595: result: yes
configure:5683: checking for ANSI ioctl definitions
configure:5721: gcc -c -g -O2  conftest.c >&5
configure:5727: $? = 0
configure:5743: result: yes
configure:5759: checking for strerror
configure:5815: gcc -o conftest -g -O2   conftest.c  >&5
configure:5821: $? = 0
configure:5839: result: yes
configure:5759: checking for strlcpy
configure:5815: gcc -o conftest -g -O2   conftest.c  >&5
configure:5821: $? = 0
configure:5839: result: yes
configure:5856: checking for vsnprintf
configure:5912: gcc -o conftest -g -O2   conftest.c  >&5
conftest.c:51: warning: conflicting types for built-in function 'vsnprintf'
configure:5918: $? = 0
configure:5936: result: yes
configure:5856: checking for snprintf
configure:5912: gcc -o conftest -g -O2   conftest.c  >&5
conftest.c:52: warning: conflicting types for built-in function 'snprintf'
configure:5918: $? = 0
configure:5936: result: yes
configure:5966: checking for library containing gethostbyname
configure:6007: gcc -o conftest -g -O2   conftest.c  >&5
configure:6013: $? = 0
configure:6041: result: none required
configure:6119: checking for library containing socket
configure:6160: gcc -o conftest -g -O2   conftest.c  >&5
configure:6166: $? = 0
configure:6194: result: none required
configure:6269: checking for library containing putmsg
configure:6310: gcc -o conftest -g -O2   conftest.c  >&5
Undefined symbols:
  "_putmsg", referenced from:
      _main in ccDPhVCs.o
ld: symbol(s) not found
collect2: ld returned 1 exit status
configure:6316: $? = 1
configure: failed program was:
| /* confdefs.h.  */
| #define PACKAGE_NAME ""
| #define PACKAGE_TARNAME ""
| #define PACKAGE_VERSION ""
| #define PACKAGE_STRING ""
| #define PACKAGE_BUGREPORT ""
| #define inline inline
| #define HAVE___ATTRIBUTE__ 1
| #define STDC_HEADERS 1
| #define HAVE_SYS_TYPES_H 1
| #define HAVE_SYS_STAT_H 1
| #define HAVE_STDLIB_H 1
| #define HAVE_STRING_H 1
| #define HAVE_MEMORY_H 1
| #define HAVE_STRINGS_H 1
| #define HAVE_INTTYPES_H 1
| #define HAVE_STDINT_H 1
| #define HAVE_UNISTD_H 1
| #define HAVE_FSEEKO 1
| #define HAVE_SYS_IOCCOM_H 1
| #define HAVE_SYS_SOCKIO_H 1
| #define HAVE_LIMITS_H 1
| #define HAVE_PATHS_H 1
| #define HAVE_NETINET_IF_ETHER_H 1
| #define HAVE_STRERROR 1
| #define HAVE_STRLCPY 1
| #define HAVE_VSNPRINTF 1
| #define HAVE_SNPRINTF 1
| /* end confdefs.h.  */
| 
| /* Override any GCC internal prototype to avoid an error.
|    Use char because int might match the return type of a GCC
|    builtin and then its argument prototype would still apply.  */
| #ifdef __cplusplus
| extern "C"
| #endif
| char putmsg ();
| int
| main ()
| {
| return putmsg ();
|   ;
|   return 0;
| }
configure:6310: gcc -o conftest -g -O2   conftest.c -lstr   >&5
ld: library not found for -lstr
collect2: ld returned 1 exit status
configure:6316: $? = 1
configure: failed program was:
| /* confdefs.h.  */
| #define PACKAGE_NAME ""
| #define PACKAGE_TARNAME ""
| #define PACKAGE_VERSION ""
| #define PACKAGE_STRING ""
| #define PACKAGE_BUGREPORT ""
| #define inline inline
| #define HAVE___ATTRIBUTE__ 1
| #define STDC_HEADERS 1
| #define HAVE_SYS_TYPES_H 1
| #define HAVE_SYS_STAT_H 1
| #define HAVE_STDLIB_H 1
| #define HAVE_STRING_H 1
| #define HAVE_MEMORY_H 1
| #define HAVE_STRINGS_H 1
| #define HAVE_INTTYPES_H 1
| #define HAVE_STDINT_H 1
| #define HAVE_UNISTD_H 1
| #define HAVE_FSEEKO 1
| #define HAVE_SYS_IOCCOM_H 1
| #define HAVE_SYS_SOCKIO_H 1
| #define HAVE_LIMITS_H 1
| #define HAVE_PATHS_H 1
| #define HAVE_NETINET_IF_ETHER_H 1
| #define HAVE_STRERROR 1
| #define HAVE_STRLCPY 1
| #define HAVE_VSNPRINTF 1
| #define HAVE_SNPRINTF 1
| /* end confdefs.h.  */
| 
| /* Override any GCC internal prototype to avoid an error.
|    Use char because int might match the return type of a GCC
|    builtin and then its argument prototype would still apply.  */
| #ifdef __cplusplus
| extern "C"
| #endif
| char putmsg ();
| int
| main ()
| {
| return putmsg ();
|   ;
|   return 0;
| }
configure:6344: result: no
configure:6369: checking for ether_hostton
configure:6425: gcc -o conftest -g -O2   conftest.c  >&5
configure:6431: $? = 0
configure:6449: result: yes
configure:6467: checking whether ether_hostton is declared
configure:6506: gcc -c -g -O2  conftest.c >&5
configure:6512: $? = 0
configure:6527: result: yes
configure:6856: checking if --disable-protochain option is specified
configure:6876: result: enabled
configure:6912: checking packet capture type
configure:6958: result: bpf
configure:7543: checking net/if_media.h usability
configure:7560: gcc -c -g -O2  conftest.c >&5
configure:7566: $? = 0
configure:7580: result: yes
configure:7584: checking net/if_media.h presence
configure:7599: gcc -E  conftest.c
configure:7605: $? = 0
configure:7619: result: yes
configure:7647: checking for net/if_media.h
configure:7655: result: yes
configure:7669: checking whether the system supports zerocopy BPF
configure:7695: gcc -c -g -O2  conftest.c >&5
conftest.c: In function 'main':
conftest.c:41: error: 'BIOCROTZBUF' undeclared (first use in this function)
conftest.c:41: error: (Each undeclared identifier is reported only once
conftest.c:41: error: for each function it appears in.)
conftest.c:41: error: 'BPF_BUFMODE_ZBUF' undeclared (first use in this function)
configure:7701: $? = 1
configure: failed program was:
| /* confdefs.h.  */
| #define PACKAGE_NAME ""
| #define PACKAGE_TARNAME ""
| #define PACKAGE_VERSION ""
| #define PACKAGE_STRING ""
| #define PACKAGE_BUGREPORT ""
| #define inline inline
| #define HAVE___ATTRIBUTE__ 1
| #define STDC_HEADERS 1
| #define HAVE_SYS_TYPES_H 1
| #define HAVE_SYS_STAT_H 1
| #define HAVE_STDLIB_H 1
| #define HAVE_STRING_H 1
| #define HAVE_MEMORY_H 1
| #define HAVE_STRINGS_H 1
| #define HAVE_INTTYPES_H 1
| #define HAVE_STDINT_H 1
| #define HAVE_UNISTD_H 1
| #define HAVE_FSEEKO 1
| #define HAVE_SYS_IOCCOM_H 1
| #define HAVE_SYS_SOCKIO_H 1
| #define HAVE_LIMITS_H 1
| #define HAVE_PATHS_H 1
| #define HAVE_NETINET_IF_ETHER_H 1
| #define HAVE_STRERROR 1
| #define HAVE_STRLCPY 1
| #define HAVE_VSNPRINTF 1
| #define HAVE_SNPRINTF 1
| #define HAVE_ETHER_HOSTTON 1
| #define NETINET_IF_ETHER_H_DECLARES_ETHER_HOSTTON
| #define HAVE_DECL_ETHER_HOSTTON 1
| #define HAVE_NET_IF_MEDIA_H 1
| /* end confdefs.h.  */
| #include <sys/socket.h>
| 	    #include <sys/ioctl.h>
| 	    #include <net/if.h>
| 	    #include <net/bpf.h>
| int
| main ()
| {
| return (BIOCROTZBUF + BPF_BUFMODE_ZBUF);
|   ;
|   return 0;
| }
configure:7719: result: no
configure:7728: checking for struct BPF_TIMEVAL
configure:7766: gcc -c -g -O2  conftest.c >&5
configure:7772: $? = 0
configure:7787: result: yes
configure:7828: checking for getifaddrs
configure:7884: gcc -o conftest -g -O2   conftest.c  >&5
configure:7890: $? = 0
configure:7907: result: yes
configure:7925: checking ifaddrs.h usability
configure:7942: gcc -c -g -O2  conftest.c >&5
configure:7948: $? = 0
configure:7962: result: yes
configure:7966: checking ifaddrs.h presence
configure:7981: gcc -E  conftest.c
configure:7987: $? = 0
configure:8001: result: yes
configure:8029: checking for ifaddrs.h
configure:8036: result: yes
configure:8308: checking for socklen_t
configure:8334: gcc -c -g -O2  conftest.c >&5
configure:8340: $? = 0
configure:8361: result: yes
configure:8372: checking for getaddrinfo
configure:8428: gcc -o conftest -g -O2   conftest.c  >&5
configure:8434: $? = 0
configure:8451: result: yes
configure:8475: checking whether to build optimizer debugging code
configure:8489: result: no
configure:8492: checking whether to build parser debugging code
configure:8506: result: no
configure:8587: checking whether we have DAG API headers
configure:8610: result: no (/usr/local/include)
configure:8985: checking whether we have the DAG API
configure:8989: result: no
configure:9062: checking whether we have Septel API
configure:9084: result: no
configure:9185: checking whether we have Myricom Sniffer API
configure:9203: result: no (/opt/snf)
configure:9331: checking for flex
configure:9347: found /usr/bin/flex
configure:9358: result: flex
configure:9373: checking for flex 2.4 or higher
configure:9385: result: yes
configure:9401: checking for bison
configure:9417: found /usr/bin/bison
configure:9428: result: bison
configure:9751: checking for ranlib
configure:9767: found /usr/bin/ranlib
configure:9778: result: ranlib
configure:9846: checking if sockaddr struct has the sa_len member
configure:9874: gcc -c -g -O2  conftest.c >&5
configure:9880: $? = 0
configure:9896: result: yes
configure:9906: checking if sockaddr_storage struct exists
configure:9934: gcc -c -g -O2  conftest.c >&5
configure:9940: $? = 0
configure:9956: result: yes
configure:9966: checking if dl_hp_ppa_info_t struct has dl_module_id_1 member
configure:9995: gcc -c -g -O2  conftest.c >&5
conftest.c:41:23: error: sys/dlpi.h: No such file or directory
conftest.c:42:27: error: sys/dlpi_ext.h: No such file or directory
conftest.c: In function 'main':
conftest.c:46: error: 'dl_hp_ppa_info_t' undeclared (first use in this function)
conftest.c:46: error: (Each undeclared identifier is reported only once
conftest.c:46: error: for each function it appears in.)
conftest.c:46: error: expected expression before ')' token
configure:10001: $? = 1
configure: failed program was:
| /* confdefs.h.  */
| #define PACKAGE_NAME ""
| #define PACKAGE_TARNAME ""
| #define PACKAGE_VERSION ""
| #define PACKAGE_STRING ""
| #define PACKAGE_BUGREPORT ""
| #define inline inline
| #define HAVE___ATTRIBUTE__ 1
| #define STDC_HEADERS 1
| #define HAVE_SYS_TYPES_H 1
| #define HAVE_SYS_STAT_H 1
| #define HAVE_STDLIB_H 1
| #define HAVE_STRING_H 1
| #define HAVE_MEMORY_H 1
| #define HAVE_STRINGS_H 1
| #define HAVE_INTTYPES_H 1
| #define HAVE_STDINT_H 1
| #define HAVE_UNISTD_H 1
| #define HAVE_FSEEKO 1
| #define HAVE_SYS_IOCCOM_H 1
| #define HAVE_SYS_SOCKIO_H 1
| #define HAVE_LIMITS_H 1
| #define HAVE_PATHS_H 1
| #define HAVE_NETINET_IF_ETHER_H 1
| #define HAVE_STRERROR 1
| #define HAVE_STRLCPY 1
| #define HAVE_VSNPRINTF 1
| #define HAVE_SNPRINTF 1
| #define HAVE_ETHER_HOSTTON 1
| #define NETINET_IF_ETHER_H_DECLARES_ETHER_HOSTTON
| #define HAVE_DECL_ETHER_HOSTTON 1
| #define HAVE_NET_IF_MEDIA_H 1
| #define HAVE_STRUCT_BPF_TIMEVAL 1
| #define HAVE_SOCKLEN_T 1
| #define INET6 1
| #define HAVE_SOCKADDR_SA_LEN 1
| #define HAVE_SOCKADDR_STORAGE 1
| /* end confdefs.h.  */
| 
| #	include <sys/types.h>
| #	include <sys/dlpi.h>
| #	include <sys/dlpi_ext.h>
| int
| main ()
| {
| u_int i = sizeof(((dl_hp_ppa_info_t *)0)->dl_module_id_1)
|   ;
|   return 0;
| }
configure:10017: result: no
configure:10027: checking if unaligned accesses fail
configure:10114: result: no
configure:10155: checking for USB sniffing support
configure:10390: result: no
configure:10553: no Bluetooth sniffing support implemented for darwin10.4.0
configure:10634: no CAN sniffing support implemented for darwin10.4.0
configure:10655: checking for a BSD-compatible install
configure:10711: result: /usr/bin/install -c
configure:10828: creating ./config.status

## ---------------------- ##
## Running config.status. ##
## ---------------------- ##

This file was extended by config.status, which was
generated by GNU Autoconf 2.61.  Invocation command line was

  CONFIG_FILES    = 
  CONFIG_HEADERS  = 
  CONFIG_LINKS    = 
  CONFIG_COMMANDS = 
  $ ./config.status 

on SaqMacBookPro.local

config.status:643: creating Makefile
config.status:643: creating pcap-filter.manmisc
config.status:643: creating pcap-linktype.manmisc
config.status:643: creating pcap-savefile.manfile
config.status:643: creating pcap.3pcap
config.status:643: creating pcap_compile.3pcap
config.status:643: creating pcap_datalink.3pcap
config.status:643: creating pcap_dump_open.3pcap
config.status:643: creating pcap_list_datalinks.3pcap
config.status:643: creating pcap_open_dead.3pcap
config.status:643: creating pcap_open_offline.3pcap
config.status:643: creating config.h

## ---------------- ##
## Cache variables. ##
## ---------------- ##

ac_cv___attribute__=yes
ac_cv_build=x86_64-apple-darwin10.4.0
ac_cv_c_compiler_gnu=yes
ac_cv_env_CC_set=
ac_cv_env_CC_value=
ac_cv_env_CFLAGS_set=
ac_cv_env_CFLAGS_value=
ac_cv_env_CPPFLAGS_set=
ac_cv_env_CPPFLAGS_value=
ac_cv_env_CPP_set=
ac_cv_env_CPP_value=
ac_cv_env_LDFLAGS_set=
ac_cv_env_LDFLAGS_value=
ac_cv_env_LIBS_set=
ac_cv_env_LIBS_value=
ac_cv_env_build_alias_set=
ac_cv_env_build_alias_value=
ac_cv_env_host_alias_set=
ac_cv_env_host_alias_value=
ac_cv_env_target_alias_set=
ac_cv_env_target_alias_value=
ac_cv_func_ether_hostton=yes
ac_cv_func_getaddrinfo=yes
ac_cv_func_getifaddrs=yes
ac_cv_func_snprintf=yes
ac_cv_func_strerror=yes
ac_cv_func_strlcpy=yes
ac_cv_func_vsnprintf=yes
ac_cv_have_decl_ether_hostton=yes
ac_cv_header_ifaddrs_h=yes
ac_cv_header_inttypes_h=yes
ac_cv_header_limits_h=yes
ac_cv_header_memory_h=yes
ac_cv_header_net_if_media_h=yes
ac_cv_header_net_pfvar_h=no
ac_cv_header_netinet_if_ether_h=yes
ac_cv_header_paths_h=yes
ac_cv_header_stdc=yes
ac_cv_header_stdint_h=yes
ac_cv_header_stdlib_h=yes
ac_cv_header_string_h=yes
ac_cv_header_strings_h=yes
ac_cv_header_sys_bitypes_h=no
ac_cv_header_sys_ioccom_h=yes
ac_cv_header_sys_sockio_h=yes
ac_cv_header_sys_stat_h=yes
ac_cv_header_sys_types_h=yes
ac_cv_header_unistd_h=yes
ac_cv_host=x86_64-apple-darwin10.4.0
ac_cv_lbl_dag_api=no
ac_cv_lbl_dl_hp_ppa_info_t_has_dl_module_id_1=no
ac_cv_lbl_flex_v24=yes
ac_cv_lbl_gcc_fixincludes=yes
ac_cv_lbl_gcc_vers=4
ac_cv_lbl_has_sockaddr_storage=yes
ac_cv_lbl_inline=inline
ac_cv_lbl_septel_api=no
ac_cv_lbl_snf_api=no
ac_cv_lbl_sockaddr_has_sa_len=yes
ac_cv_lbl_unaligned_fail=no
ac_cv_objext=o
ac_cv_path_EGREP='/usr/bin/grep -E'
ac_cv_path_GREP=/usr/bin/grep
ac_cv_path_install='/usr/bin/install -c'
ac_cv_prog_CPP='gcc -E'
ac_cv_prog_V_LEX=flex
ac_cv_prog_V_YACC=bison
ac_cv_prog_ac_ct_CC=gcc
ac_cv_prog_ac_ct_RANLIB=ranlib
ac_cv_prog_cc_c89=
ac_cv_prog_cc_g=yes
ac_cv_search_gethostbyname='none required'
ac_cv_search_putmsg=no
ac_cv_search_socket='none required'
ac_cv_sys_file_offset_bits=no
ac_cv_sys_largefile_CC=no
ac_cv_sys_largefile_source=no
ac_cv_target=x86_64-apple-darwin10.4.0
ac_cv_type_int16_t=yes
ac_cv_type_int32_t=yes
ac_cv_type_int64_t=yes
ac_cv_type_int8_t=yes
ac_cv_type_struct_BPF_TIMEVAL=yes
ac_cv_type_u_int16_t=yes
ac_cv_type_u_int32_t=yes
ac_cv_type_u_int64_t=yes
ac_cv_type_u_int8_t=yes

## ----------------- ##
## Output variables. ##
## ----------------- ##

ADDLARCHIVEOBJS=''
ADDLOBJS=''
BT_SRC=''
CAN_SRC=''
CC='gcc'
CFLAGS='-g -O2'
CPP='gcc -E'
CPPFLAGS=''
DEFS='-DHAVE_CONFIG_H'
DYEXT='dylib'
ECHO_C='ECHO_N=''
ECHO_T=''
EGREP='/usr/bin/grep -E'
EXEEXT=''
GREP='/usr/bin/grep'
HAVE_LINUX_TPACKET_AUXDATA=''
INSTALL_DATA='${INSTALL} -m 644'
INSTALL_PROGRAM='${INSTALL}'
INSTALL_SCRIPT='${INSTALL}'
LDFLAGS=''
LIBOBJS=''
LIBS=''
LTLIBOBJS=''
MAN_FILE_FORMATS='5'
MAN_MISC_INFO='7'
OBJEXT='o'
PACKAGE_BUGREPORT=''
PACKAGE_NAME=''
PACKAGE_STRING=''
PACKAGE_TARNAME=''
PACKAGE_VERSION=''
PATH_SEPARATOR=':'
PCAP_SUPPORT_BT=''
PCAP_SUPPORT_CAN=''
PCAP_SUPPORT_USB=''
RANLIB='ranlib'
SHELL='/bin/sh'
SHLICC2=''
SSRC=''
USB_SRC=''
V_CCOPT='-O2 -fno-common'
V_DEFS=' -D_U_="__attribute__((unused))"'
V_FINDALLDEVS='getad'
V_INCLS=''
V_LEX='flex -Ppcap_'
V_PCAP='bpf'
V_RPATH_OPT=''
V_SHLIB_CMD='$(CC)'
V_SHLIB_OPT='-shared'
V_SONAME_OPT=''
V_YACC='bison -y -p pcap_'
ac_ct_CC='gcc'
bindir='${exec_prefix}/bin'
build='x86_64-apple-darwin10.4.0'
build_alias=''
build_cpu='x86_64'
build_os='darwin10.4.0'
build_vendor='apple'
datadir='${datarootdir}'
datarootdir='${prefix}/share'
docdir='${datarootdir}/doc/${PACKAGE}'
dvidir='${docdir}'
exec_prefix='${prefix}'
host='x86_64-apple-darwin10.4.0'
host_alias=''
host_cpu='x86_64'
host_os='darwin10.4.0'
host_vendor='apple'
htmldir='${docdir}'
includedir='${prefix}/include'
infodir='${datarootdir}/info'
libdir='${exec_prefix}/lib'
libexecdir='${exec_prefix}/libexec'
localedir='${datarootdir}/locale'
localstatedir='${prefix}/var'
mandir='${datarootdir}/man'
oldincludedir='/usr/include'
pdfdir='${docdir}'
prefix='/usr/local'
program_transform_name='s,x,x,'
psdir='${docdir}'
sbindir='${exec_prefix}/sbin'
sharedstatedir='${prefix}/com'
sysconfdir='${prefix}/etc'
target='x86_64-apple-darwin10.4.0'
target_alias=''
target_cpu='x86_64'
target_os='darwin10.4.0'
target_vendor='apple'

## ----------- ##
## confdefs.h. ##
## ----------- ##

#define PACKAGE_NAME ""
#define PACKAGE_TARNAME ""
#define PACKAGE_VERSION ""
#define PACKAGE_STRING ""
#define PACKAGE_BUGREPORT ""
#define inline inline
#define HAVE___ATTRIBUTE__ 1
#define STDC_HEADERS 1
#define HAVE_SYS_TYPES_H 1
#define HAVE_SYS_STAT_H 1
#define HAVE_STDLIB_H 1
#define HAVE_STRING_H 1
#define HAVE_MEMORY_H 1
#define HAVE_STRINGS_H 1
#define HAVE_INTTYPES_H 1
#define HAVE_STDINT_H 1
#define HAVE_UNISTD_H 1
#define HAVE_FSEEKO 1
#define HAVE_SYS_IOCCOM_H 1
#define HAVE_SYS_SOCKIO_H 1
#define HAVE_LIMITS_H 1
#define HAVE_PATHS_H 1
#define HAVE_NETINET_IF_ETHER_H 1
#define HAVE_STRERROR 1
#define HAVE_STRLCPY 1
#define HAVE_VSNPRINTF 1
#define HAVE_SNPRINTF 1
#define HAVE_ETHER_HOSTTON 1
#define NETINET_IF_ETHER_H_DECLARES_ETHER_HOSTTON
#define HAVE_DECL_ETHER_HOSTTON 1
#define HAVE_NET_IF_MEDIA_H 1
#define HAVE_STRUCT_BPF_TIMEVAL 1
#define HAVE_SOCKLEN_T 1
#define INET6 1
#define HAVE_SOCKADDR_SA_LEN 1
#define HAVE_SOCKADDR_STORAGE 1
#define HAVE_VERSION_H 1

configure: exit 0
